make -C lib FLOAT_TYPE=hard
make[1]: Entering directory `/home/weyoui/PROJECTS/STM32/STM32F4_USB_MP3/lib'
make -C StdPeriph FLOAT_TYPE=hard
make[2]: Entering directory `/home/weyoui/PROJECTS/STM32/STM32F4_USB_MP3/lib/StdPeriph'
arm-none-eabi-gcc -g -O2 -Wall -mlittle-endian -mthumb -mthumb-interwork -mcpu=cortex-m4 -fsingle-precision-constant -Wdouble-promotion -mfpu=fpv4-sp-d16 -mfloat-abi=hard -ffreestanding -nostdlib -Iinc -I../Core/cmsis -I../Core/stm32 -c -o misc.o src/misc.c
arm-none-eabi-gcc -g -O2 -Wall -mlittle-endian -mthumb -mthumb-interwork -mcpu=cortex-m4 -fsingle-precision-constant -Wdouble-promotion -mfpu=fpv4-sp-d16 -mfloat-abi=hard -ffreestanding -nostdlib -Iinc -I../Core/cmsis -I../Core/stm32 -c -o stm32f4xx_dma.o src/stm32f4xx_dma.c
arm-none-eabi-gcc -g -O2 -Wall -mlittle-endian -mthumb -mthumb-interwork -mcpu=cortex-m4 -fsingle-precision-constant -Wdouble-promotion -mfpu=fpv4-sp-d16 -mfloat-abi=hard -ffreestanding -nostdlib -Iinc -I../Core/cmsis -I../Core/stm32 -c -o stm32f4xx_rcc.o src/stm32f4xx_rcc.c
arm-none-eabi-gcc -g -O2 -Wall -mlittle-endian -mthumb -mthumb-interwork -mcpu=cortex-m4 -fsingle-precision-constant -Wdouble-promotion -mfpu=fpv4-sp-d16 -mfloat-abi=hard -ffreestanding -nostdlib -Iinc -I../Core/cmsis -I../Core/stm32 -c -o stm32f4xx_adc.o src/stm32f4xx_adc.c
arm-none-eabi-gcc -g -O2 -Wall -mlittle-endian -mthumb -mthumb-interwork -mcpu=cortex-m4 -fsingle-precision-constant -Wdouble-promotion -mfpu=fpv4-sp-d16 -mfloat-abi=hard -ffreestanding -nostdlib -Iinc -I../Core/cmsis -I../Core/stm32 -c -o stm32f4xx_exti.o src/stm32f4xx_exti.c
arm-none-eabi-gcc -g -O2 -Wall -mlittle-endian -mthumb -mthumb-interwork -mcpu=cortex-m4 -fsingle-precision-constant -Wdouble-promotion -mfpu=fpv4-sp-d16 -mfloat-abi=hard -ffreestanding -nostdlib -Iinc -I../Core/cmsis -I../Core/stm32 -c -o stm32f4xx_rng.o src/stm32f4xx_rng.c
arm-none-eabi-gcc -g -O2 -Wall -mlittle-endian -mthumb -mthumb-interwork -mcpu=cortex-m4 -fsingle-precision-constant -Wdouble-promotion -mfpu=fpv4-sp-d16 -mfloat-abi=hard -ffreestanding -nostdlib -Iinc -I../Core/cmsis -I../Core/stm32 -c -o stm32f4xx_can.o src/stm32f4xx_can.c
arm-none-eabi-gcc -g -O2 -Wall -mlittle-endian -mthumb -mthumb-interwork -mcpu=cortex-m4 -fsingle-precision-constant -Wdouble-promotion -mfpu=fpv4-sp-d16 -mfloat-abi=hard -ffreestanding -nostdlib -Iinc -I../Core/cmsis -I../Core/stm32 -c -o stm32f4xx_flash.o src/stm32f4xx_flash.c
arm-none-eabi-gcc -g -O2 -Wall -mlittle-endian -mthumb -mthumb-interwork -mcpu=cortex-m4 -fsingle-precision-constant -Wdouble-promotion -mfpu=fpv4-sp-d16 -mfloat-abi=hard -ffreestanding -nostdlib -Iinc -I../Core/cmsis -I../Core/stm32 -c -o stm32f4xx_rtc.o src/stm32f4xx_rtc.c
arm-none-eabi-gcc -g -O2 -Wall -mlittle-endian -mthumb -mthumb-interwork -mcpu=cortex-m4 -fsingle-precision-constant -Wdouble-promotion -mfpu=fpv4-sp-d16 -mfloat-abi=hard -ffreestanding -nostdlib -Iinc -I../Core/cmsis -I../Core/stm32 -c -o stm32f4xx_crc.o src/stm32f4xx_crc.c
arm-none-eabi-gcc -g -O2 -Wall -mlittle-endian -mthumb -mthumb-interwork -mcpu=cortex-m4 -fsingle-precision-constant -Wdouble-promotion -mfpu=fpv4-sp-d16 -mfloat-abi=hard -ffreestanding -nostdlib -Iinc -I../Core/cmsis -I../Core/stm32 -c -o stm32f4xx_fsmc.o src/stm32f4xx_fsmc.c
arm-none-eabi-gcc -g -O2 -Wall -mlittle-endian -mthumb -mthumb-interwork -mcpu=cortex-m4 -fsingle-precision-constant -Wdouble-promotion -mfpu=fpv4-sp-d16 -mfloat-abi=hard -ffreestanding -nostdlib -Iinc -I../Core/cmsis -I../Core/stm32 -c -o stm32f4xx_sdio.o src/stm32f4xx_sdio.c
arm-none-eabi-gcc -g -O2 -Wall -mlittle-endian -mthumb -mthumb-interwork -mcpu=cortex-m4 -fsingle-precision-constant -Wdouble-promotion -mfpu=fpv4-sp-d16 -mfloat-abi=hard -ffreestanding -nostdlib -Iinc -I../Core/cmsis -I../Core/stm32 -c -o stm32f4xx_cryp_aes.o src/stm32f4xx_cryp_aes.c
arm-none-eabi-gcc -g -O2 -Wall -mlittle-endian -mthumb -mthumb-interwork -mcpu=cortex-m4 -fsingle-precision-constant -Wdouble-promotion -mfpu=fpv4-sp-d16 -mfloat-abi=hard -ffreestanding -nostdlib -Iinc -I../Core/cmsis -I../Core/stm32 -c -o stm32f4xx_gpio.o src/stm32f4xx_gpio.c
arm-none-eabi-gcc -g -O2 -Wall -mlittle-endian -mthumb -mthumb-interwork -mcpu=cortex-m4 -fsingle-precision-constant -Wdouble-promotion -mfpu=fpv4-sp-d16 -mfloat-abi=hard -ffreestanding -nostdlib -Iinc -I../Core/cmsis -I../Core/stm32 -c -o stm32f4xx_spi.o src/stm32f4xx_spi.c
arm-none-eabi-gcc -g -O2 -Wall -mlittle-endian -mthumb -mthumb-interwork -mcpu=cortex-m4 -fsingle-precision-constant -Wdouble-promotion -mfpu=fpv4-sp-d16 -mfloat-abi=hard -ffreestanding -nostdlib -Iinc -I../Core/cmsis -I../Core/stm32 -c -o stm32f4xx_cryp.o src/stm32f4xx_cryp.c
arm-none-eabi-gcc -g -O2 -Wall -mlittle-endian -mthumb -mthumb-interwork -mcpu=cortex-m4 -fsingle-precision-constant -Wdouble-promotion -mfpu=fpv4-sp-d16 -mfloat-abi=hard -ffreestanding -nostdlib -Iinc -I../Core/cmsis -I../Core/stm32 -c -o stm32f4xx_hash.o src/stm32f4xx_hash.c
arm-none-eabi-gcc -g -O2 -Wall -mlittle-endian -mthumb -mthumb-interwork -mcpu=cortex-m4 -fsingle-precision-constant -Wdouble-promotion -mfpu=fpv4-sp-d16 -mfloat-abi=hard -ffreestanding -nostdlib -Iinc -I../Core/cmsis -I../Core/stm32 -c -o stm32f4xx_syscfg.o src/stm32f4xx_syscfg.c
arm-none-eabi-gcc -g -O2 -Wall -mlittle-endian -mthumb -mthumb-interwork -mcpu=cortex-m4 -fsingle-precision-constant -Wdouble-promotion -mfpu=fpv4-sp-d16 -mfloat-abi=hard -ffreestanding -nostdlib -Iinc -I../Core/cmsis -I../Core/stm32 -c -o stm32f4xx_cryp_des.o src/stm32f4xx_cryp_des.c
arm-none-eabi-gcc -g -O2 -Wall -mlittle-endian -mthumb -mthumb-interwork -mcpu=cortex-m4 -fsingle-precision-constant -Wdouble-promotion -mfpu=fpv4-sp-d16 -mfloat-abi=hard -ffreestanding -nostdlib -Iinc -I../Core/cmsis -I../Core/stm32 -c -o stm32f4xx_hash_md5.o src/stm32f4xx_hash_md5.c
arm-none-eabi-gcc -g -O2 -Wall -mlittle-endian -mthumb -mthumb-interwork -mcpu=cortex-m4 -fsingle-precision-constant -Wdouble-promotion -mfpu=fpv4-sp-d16 -mfloat-abi=hard -ffreestanding -nostdlib -Iinc -I../Core/cmsis -I../Core/stm32 -c -o stm32f4xx_tim.o src/stm32f4xx_tim.c
arm-none-eabi-gcc -g -O2 -Wall -mlittle-endian -mthumb -mthumb-interwork -mcpu=cortex-m4 -fsingle-precision-constant -Wdouble-promotion -mfpu=fpv4-sp-d16 -mfloat-abi=hard -ffreestanding -nostdlib -Iinc -I../Core/cmsis -I../Core/stm32 -c -o stm32f4xx_cryp_tdes.o src/stm32f4xx_cryp_tdes.c
arm-none-eabi-gcc -g -O2 -Wall -mlittle-endian -mthumb -mthumb-interwork -mcpu=cortex-m4 -fsingle-precision-constant -Wdouble-promotion -mfpu=fpv4-sp-d16 -mfloat-abi=hard -ffreestanding -nostdlib -Iinc -I../Core/cmsis -I../Core/stm32 -c -o stm32f4xx_hash_sha1.o src/stm32f4xx_hash_sha1.c
arm-none-eabi-gcc -g -O2 -Wall -mlittle-endian -mthumb -mthumb-interwork -mcpu=cortex-m4 -fsingle-precision-constant -Wdouble-promotion -mfpu=fpv4-sp-d16 -mfloat-abi=hard -ffreestanding -nostdlib -Iinc -I../Core/cmsis -I../Core/stm32 -c -o stm32f4xx_usart.o src/stm32f4xx_usart.c
arm-none-eabi-gcc -g -O2 -Wall -mlittle-endian -mthumb -mthumb-interwork -mcpu=cortex-m4 -fsingle-precision-constant -Wdouble-promotion -mfpu=fpv4-sp-d16 -mfloat-abi=hard -ffreestanding -nostdlib -Iinc -I../Core/cmsis -I../Core/stm32 -c -o stm32f4xx_dac.o src/stm32f4xx_dac.c
arm-none-eabi-gcc -g -O2 -Wall -mlittle-endian -mthumb -mthumb-interwork -mcpu=cortex-m4 -fsingle-precision-constant -Wdouble-promotion -mfpu=fpv4-sp-d16 -mfloat-abi=hard -ffreestanding -nostdlib -Iinc -I../Core/cmsis -I../Core/stm32 -c -o stm32f4xx_i2c.o src/stm32f4xx_i2c.c
arm-none-eabi-gcc -g -O2 -Wall -mlittle-endian -mthumb -mthumb-interwork -mcpu=cortex-m4 -fsingle-precision-constant -Wdouble-promotion -mfpu=fpv4-sp-d16 -mfloat-abi=hard -ffreestanding -nostdlib -Iinc -I../Core/cmsis -I../Core/stm32 -c -o stm32f4xx_wwdg.o src/stm32f4xx_wwdg.c
arm-none-eabi-gcc -g -O2 -Wall -mlittle-endian -mthumb -mthumb-interwork -mcpu=cortex-m4 -fsingle-precision-constant -Wdouble-promotion -mfpu=fpv4-sp-d16 -mfloat-abi=hard -ffreestanding -nostdlib -Iinc -I../Core/cmsis -I../Core/stm32 -c -o stm32f4xx_dbgmcu.o src/stm32f4xx_dbgmcu.c
arm-none-eabi-gcc -g -O2 -Wall -mlittle-endian -mthumb -mthumb-interwork -mcpu=cortex-m4 -fsingle-precision-constant -Wdouble-promotion -mfpu=fpv4-sp-d16 -mfloat-abi=hard -ffreestanding -nostdlib -Iinc -I../Core/cmsis -I../Core/stm32 -c -o stm32f4xx_iwdg.o src/stm32f4xx_iwdg.c
arm-none-eabi-gcc -g -O2 -Wall -mlittle-endian -mthumb -mthumb-interwork -mcpu=cortex-m4 -fsingle-precision-constant -Wdouble-promotion -mfpu=fpv4-sp-d16 -mfloat-abi=hard -ffreestanding -nostdlib -Iinc -I../Core/cmsis -I../Core/stm32 -c -o stm32f4xx_dcmi.o src/stm32f4xx_dcmi.c
arm-none-eabi-gcc -g -O2 -Wall -mlittle-endian -mthumb -mthumb-interwork -mcpu=cortex-m4 -fsingle-precision-constant -Wdouble-promotion -mfpu=fpv4-sp-d16 -mfloat-abi=hard -ffreestanding -nostdlib -Iinc -I../Core/cmsis -I../Core/stm32 -c -o stm32f4xx_pwr.o src/stm32f4xx_pwr.c
arm-none-eabi-ar -r libstdperiph.a misc.o stm32f4xx_dma.o stm32f4xx_rcc.o stm32f4xx_adc.o stm32f4xx_exti.o stm32f4xx_rng.o stm32f4xx_can.o stm32f4xx_flash.o stm32f4xx_rtc.o stm32f4xx_crc.o stm32f4xx_fsmc.o stm32f4xx_sdio.o stm32f4xx_cryp_aes.o stm32f4xx_gpio.o stm32f4xx_spi.o stm32f4xx_cryp.o stm32f4xx_hash.o stm32f4xx_syscfg.o stm32f4xx_cryp_des.o stm32f4xx_hash_md5.o stm32f4xx_tim.o stm32f4xx_cryp_tdes.o stm32f4xx_hash_sha1.o stm32f4xx_usart.o stm32f4xx_dac.o stm32f4xx_i2c.o stm32f4xx_wwdg.o stm32f4xx_dbgmcu.o stm32f4xx_iwdg.o stm32f4xx_dcmi.o stm32f4xx_pwr.o
make[2]: Leaving directory `/home/weyoui/PROJECTS/STM32/STM32F4_USB_MP3/lib/StdPeriph'
make -C USB_OTG FLOAT_TYPE=hard
make[2]: Entering directory `/home/weyoui/PROJECTS/STM32/STM32F4_USB_MP3/lib/USB_OTG'
arm-none-eabi-gcc -g -O2 -Wall -mlittle-endian -mthumb -mthumb-interwork -mcpu=cortex-m4 -fsingle-precision-constant -Wdouble-promotion -mfpu=fpv4-sp-d16 -mfloat-abi=hard -ffreestanding -nostdlib -Iinc -I../Core/cmsis -I../Core/stm32 -I../Conf -c -o usb_core.o src/usb_core.c
arm-none-eabi-gcc -g -O2 -Wall -mlittle-endian -mthumb -mthumb-interwork -mcpu=cortex-m4 -fsingle-precision-constant -Wdouble-promotion -mfpu=fpv4-sp-d16 -mfloat-abi=hard -ffreestanding -nostdlib -Iinc -I../Core/cmsis -I../Core/stm32 -I../Conf -c -o usb_dcd.o src/usb_dcd.c
arm-none-eabi-gcc -g -O2 -Wall -mlittle-endian -mthumb -mthumb-interwork -mcpu=cortex-m4 -fsingle-precision-constant -Wdouble-promotion -mfpu=fpv4-sp-d16 -mfloat-abi=hard -ffreestanding -nostdlib -Iinc -I../Core/cmsis -I../Core/stm32 -I../Conf -c -o usb_dcd_int.o src/usb_dcd_int.c
arm-none-eabi-gcc -g -O2 -Wall -mlittle-endian -mthumb -mthumb-interwork -mcpu=cortex-m4 -fsingle-precision-constant -Wdouble-promotion -mfpu=fpv4-sp-d16 -mfloat-abi=hard -ffreestanding -nostdlib -Iinc -I../Core/cmsis -I../Core/stm32 -I../Conf -c -o usb_hcd.o src/usb_hcd.c
arm-none-eabi-gcc -g -O2 -Wall -mlittle-endian -mthumb -mthumb-interwork -mcpu=cortex-m4 -fsingle-precision-constant -Wdouble-promotion -mfpu=fpv4-sp-d16 -mfloat-abi=hard -ffreestanding -nostdlib -Iinc -I../Core/cmsis -I../Core/stm32 -I../Conf -c -o usb_hcd_int.o src/usb_hcd_int.c
arm-none-eabi-gcc -g -O2 -Wall -mlittle-endian -mthumb -mthumb-interwork -mcpu=cortex-m4 -fsingle-precision-constant -Wdouble-promotion -mfpu=fpv4-sp-d16 -mfloat-abi=hard -ffreestanding -nostdlib -Iinc -I../Core/cmsis -I../Core/stm32 -I../Conf -c -o usb_otg.o src/usb_otg.c
arm-none-eabi-ar -r libusbcore.a usb_core.o usb_dcd.o usb_dcd_int.o usb_hcd.o usb_hcd_int.o usb_otg.o
make[2]: Leaving directory `/home/weyoui/PROJECTS/STM32/STM32F4_USB_MP3/lib/USB_OTG'
make -C USB_Host/Core FLOAT_TYPE=hard
make[2]: Entering directory `/home/weyoui/PROJECTS/STM32/STM32F4_USB_MP3/lib/USB_Host/Core'
arm-none-eabi-gcc -g -O2 -Wall -mlittle-endian -mthumb -mthumb-interwork -mcpu=cortex-m4 -fsingle-precision-constant -Wdouble-promotion -mfpu=fpv4-sp-d16 -mfloat-abi=hard -ffreestanding -nostdlib -Iinc -I../../Core/cmsis -I../../Core/stm32 -I../../Conf -I../../USB_OTG/inc -c -o usbh_core.o src/usbh_core.c
arm-none-eabi-gcc -g -O2 -Wall -mlittle-endian -mthumb -mthumb-interwork -mcpu=cortex-m4 -fsingle-precision-constant -Wdouble-promotion -mfpu=fpv4-sp-d16 -mfloat-abi=hard -ffreestanding -nostdlib -Iinc -I../../Core/cmsis -I../../Core/stm32 -I../../Conf -I../../USB_OTG/inc -c -o usbh_hcs.o src/usbh_hcs.c
arm-none-eabi-gcc -g -O2 -Wall -mlittle-endian -mthumb -mthumb-interwork -mcpu=cortex-m4 -fsingle-precision-constant -Wdouble-promotion -mfpu=fpv4-sp-d16 -mfloat-abi=hard -ffreestanding -nostdlib -Iinc -I../../Core/cmsis -I../../Core/stm32 -I../../Conf -I../../USB_OTG/inc -c -o usbh_ioreq.o src/usbh_ioreq.c
arm-none-eabi-gcc -g -O2 -Wall -mlittle-endian -mthumb -mthumb-interwork -mcpu=cortex-m4 -fsingle-precision-constant -Wdouble-promotion -mfpu=fpv4-sp-d16 -mfloat-abi=hard -ffreestanding -nostdlib -Iinc -I../../Core/cmsis -I../../Core/stm32 -I../../Conf -I../../USB_OTG/inc -c -o usbh_stdreq.o src/usbh_stdreq.c
arm-none-eabi-ar -r libusbhostcore.a usbh_core.o usbh_hcs.o usbh_ioreq.o usbh_stdreq.o
make[2]: Leaving directory `/home/weyoui/PROJECTS/STM32/STM32F4_USB_MP3/lib/USB_Host/Core'
make -C USB_Host/Class/MSC FLOAT_TYPE=hard
make[2]: Entering directory `/home/weyoui/PROJECTS/STM32/STM32F4_USB_MP3/lib/USB_Host/Class/MSC'
arm-none-eabi-gcc -g -O2 -Wall -mlittle-endian -mthumb -mthumb-interwork -mcpu=cortex-m4 -fsingle-precision-constant -Wdouble-promotion -mfpu=fpv4-sp-d16 -mfloat-abi=hard -ffreestanding -nostdlib -Iinc -I../../../Core/cmsis -I../../../Core/stm32 -I../../../Conf -I../../../USB_OTG/inc -I../../Core/inc -I../../../fat_fs/inc -c -o usbh_msc_bot.o src/usbh_msc_bot.c
arm-none-eabi-gcc -g -O2 -Wall -mlittle-endian -mthumb -mthumb-interwork -mcpu=cortex-m4 -fsingle-precision-constant -Wdouble-promotion -mfpu=fpv4-sp-d16 -mfloat-abi=hard -ffreestanding -nostdlib -Iinc -I../../../Core/cmsis -I../../../Core/stm32 -I../../../Conf -I../../../USB_OTG/inc -I../../Core/inc -I../../../fat_fs/inc -c -o usbh_msc_core.o src/usbh_msc_core.c
arm-none-eabi-gcc -g -O2 -Wall -mlittle-endian -mthumb -mthumb-interwork -mcpu=cortex-m4 -fsingle-precision-constant -Wdouble-promotion -mfpu=fpv4-sp-d16 -mfloat-abi=hard -ffreestanding -nostdlib -Iinc -I../../../Core/cmsis -I../../../Core/stm32 -I../../../Conf -I../../../USB_OTG/inc -I../../Core/inc -I../../../fat_fs/inc -c -o usbh_msc_fatfs.o src/usbh_msc_fatfs.c
arm-none-eabi-gcc -g -O2 -Wall -mlittle-endian -mthumb -mthumb-interwork -mcpu=cortex-m4 -fsingle-precision-constant -Wdouble-promotion -mfpu=fpv4-sp-d16 -mfloat-abi=hard -ffreestanding -nostdlib -Iinc -I../../../Core/cmsis -I../../../Core/stm32 -I../../../Conf -I../../../USB_OTG/inc -I../../Core/inc -I../../../fat_fs/inc -c -o usbh_msc_scsi.o src/usbh_msc_scsi.c
arm-none-eabi-ar -r libusbhostmsc.a usbh_msc_bot.o usbh_msc_core.o usbh_msc_fatfs.o usbh_msc_scsi.o
make[2]: Leaving directory `/home/weyoui/PROJECTS/STM32/STM32F4_USB_MP3/lib/USB_Host/Class/MSC'
make -C fat_fs FLOAT_TYPE=hard
make[2]: Entering directory `/home/weyoui/PROJECTS/STM32/STM32F4_USB_MP3/lib/fat_fs'
arm-none-eabi-gcc -g -O2 -Wall -mlittle-endian -mthumb -mthumb-interwork -mcpu=cortex-m4 -fsingle-precision-constant -Wdouble-promotion -mfpu=fpv4-sp-d16 -mfloat-abi=hard -ffreestanding -nostdlib -I../Core/cmsis -I../Core/stm32 -Iinc -I../Conf -c -o ff.o src/ff.c
arm-none-eabi-gcc -g -O2 -Wall -mlittle-endian -mthumb -mthumb-interwork -mcpu=cortex-m4 -fsingle-precision-constant -Wdouble-promotion -mfpu=fpv4-sp-d16 -mfloat-abi=hard -ffreestanding -nostdlib -I../Core/cmsis -I../Core/stm32 -Iinc -I../Conf -c -o fattime.o src/fattime.c
arm-none-eabi-gcc -g -O2 -Wall -mlittle-endian -mthumb -mthumb-interwork -mcpu=cortex-m4 -fsingle-precision-constant -Wdouble-promotion -mfpu=fpv4-sp-d16 -mfloat-abi=hard -ffreestanding -nostdlib -I../Core/cmsis -I../Core/stm32 -Iinc -I../Conf -c -o ccsbcs.o src/option/ccsbcs.c
arm-none-eabi-ar -r libfatfs.a ff.o fattime.o ccsbcs.o
make[2]: Leaving directory `/home/weyoui/PROJECTS/STM32/STM32F4_USB_MP3/lib/fat_fs'
make -C helix FLOAT_TYPE=hard
make[2]: Entering directory `/home/weyoui/PROJECTS/STM32/STM32F4_USB_MP3/lib/helix'
arm-none-eabi-gcc -g -O2 -Wall -mlittle-endian -mthumb -mthumb-interwork -mcpu=cortex-m4 -fsingle-precision-constant -Wdouble-promotion -mfpu=fpv4-sp-d16 -mfloat-abi=hard -ffreestanding -nostdlib -Ireal -Ipub -c -o mp3dec.o mp3dec.c
arm-none-eabi-gcc -g -O2 -Wall -mlittle-endian -mthumb -mthumb-interwork -mcpu=cortex-m4 -fsingle-precision-constant -Wdouble-promotion -mfpu=fpv4-sp-d16 -mfloat-abi=hard -ffreestanding -nostdlib -Ireal -Ipub -c -o mp3tabs.o mp3tabs.c
arm-none-eabi-gcc -g -O2 -Wall -mlittle-endian -mthumb -mthumb-interwork -mcpu=cortex-m4 -fsingle-precision-constant -Wdouble-promotion -mfpu=fpv4-sp-d16 -mfloat-abi=hard -ffreestanding -nostdlib -Ireal -Ipub -c -o bitstream.o real/bitstream.c
arm-none-eabi-gcc -g -O2 -Wall -mlittle-endian -mthumb -mthumb-interwork -mcpu=cortex-m4 -fsingle-precision-constant -Wdouble-promotion -mfpu=fpv4-sp-d16 -mfloat-abi=hard -ffreestanding -nostdlib -Ireal -Ipub -c -o buffers.o real/buffers.c
arm-none-eabi-gcc -g -O2 -Wall -mlittle-endian -mthumb -mthumb-interwork -mcpu=cortex-m4 -fsingle-precision-constant -Wdouble-promotion -mfpu=fpv4-sp-d16 -mfloat-abi=hard -ffreestanding -nostdlib -Ireal -Ipub -c -o dct32.o real/dct32.c
arm-none-eabi-gcc -g -O2 -Wall -mlittle-endian -mthumb -mthumb-interwork -mcpu=cortex-m4 -fsingle-precision-constant -Wdouble-promotion -mfpu=fpv4-sp-d16 -mfloat-abi=hard -ffreestanding -nostdlib -Ireal -Ipub -c -o dequant.o real/dequant.c
arm-none-eabi-gcc -g -O2 -Wall -mlittle-endian -mthumb -mthumb-interwork -mcpu=cortex-m4 -fsingle-precision-constant -Wdouble-promotion -mfpu=fpv4-sp-d16 -mfloat-abi=hard -ffreestanding -nostdlib -Ireal -Ipub -c -o dqchan.o real/dqchan.c
arm-none-eabi-gcc -g -O2 -Wall -mlittle-endian -mthumb -mthumb-interwork -mcpu=cortex-m4 -fsingle-precision-constant -Wdouble-promotion -mfpu=fpv4-sp-d16 -mfloat-abi=hard -ffreestanding -nostdlib -Ireal -Ipub -c -o huffman.o real/huffman.c
arm-none-eabi-gcc -g -O2 -Wall -mlittle-endian -mthumb -mthumb-interwork -mcpu=cortex-m4 -fsingle-precision-constant -Wdouble-promotion -mfpu=fpv4-sp-d16 -mfloat-abi=hard -ffreestanding -nostdlib -Ireal -Ipub -c -o hufftabs.o real/hufftabs.c
arm-none-eabi-gcc -g -O2 -Wall -mlittle-endian -mthumb -mthumb-interwork -mcpu=cortex-m4 -fsingle-precision-constant -Wdouble-promotion -mfpu=fpv4-sp-d16 -mfloat-abi=hard -ffreestanding -nostdlib -Ireal -Ipub -c -o imdct.o real/imdct.c
arm-none-eabi-gcc -g -O2 -Wall -mlittle-endian -mthumb -mthumb-interwork -mcpu=cortex-m4 -fsingle-precision-constant -Wdouble-promotion -mfpu=fpv4-sp-d16 -mfloat-abi=hard -ffreestanding -nostdlib -Ireal -Ipub -c -o polyphase.o real/polyphase.c
arm-none-eabi-gcc -g -O2 -Wall -mlittle-endian -mthumb -mthumb-interwork -mcpu=cortex-m4 -fsingle-precision-constant -Wdouble-promotion -mfpu=fpv4-sp-d16 -mfloat-abi=hard -ffreestanding -nostdlib -Ireal -Ipub -c -o scalfact.o real/scalfact.c
arm-none-eabi-gcc -g -O2 -Wall -mlittle-endian -mthumb -mthumb-interwork -mcpu=cortex-m4 -fsingle-precision-constant -Wdouble-promotion -mfpu=fpv4-sp-d16 -mfloat-abi=hard -ffreestanding -nostdlib -Ireal -Ipub -c -o stproc.o real/stproc.c
arm-none-eabi-gcc -g -O2 -Wall -mlittle-endian -mthumb -mthumb-interwork -mcpu=cortex-m4 -fsingle-precision-constant -Wdouble-promotion -mfpu=fpv4-sp-d16 -mfloat-abi=hard -ffreestanding -nostdlib -Ireal -Ipub -c -o subband.o real/subband.c
arm-none-eabi-gcc -g -O2 -Wall -mlittle-endian -mthumb -mthumb-interwork -mcpu=cortex-m4 -fsingle-precision-constant -Wdouble-promotion -mfpu=fpv4-sp-d16 -mfloat-abi=hard -ffreestanding -nostdlib -Ireal -Ipub -c -o trigtabs_fixpt.o real/trigtabs_fixpt.c
arm-none-eabi-ar -r libhelix.a mp3dec.o mp3tabs.o bitstream.o buffers.o dct32.o dequant.o dqchan.o huffman.o hufftabs.o imdct.o polyphase.o scalfact.o stproc.o subband.o trigtabs_fixpt.o
make[2]: Leaving directory `/home/weyoui/PROJECTS/STM32/STM32F4_USB_MP3/lib/helix'
make[1]: Leaving directory `/home/weyoui/PROJECTS/STM32/STM32F4_USB_MP3/lib'
arm-none-eabi-gcc -std=gnu99 -g -O2 -Wall -Tstm32_flash.ld -mlittle-endian -mthumb -mthumb-interwork -nostartfiles -mcpu=cortex-m4 -fsingle-precision-constant -Wdouble-promotion -mfpu=fpv4-sp-d16 -mfloat-abi=hard -Iinc -Ilib/Core/cmsis -Ilib/Core/stm32 -Ilib/Conf -Ilib/StdPeriph/inc -Ilib/USB_OTG/inc -Ilib/USB_Host/Core/inc -Ilib/USB_Host/Class/MSC/inc -Ilib/fat_fs/inc -Ilib/helix/pub src/main.c src/stm32f4xx_it.c src/system_stm32f4xx.c src/syscalls.c src/Audio.c src/usbh_usr.c src/usb_bsp.c lib/startup_stm32f4xx.s -o build/stm32F4_usb_mp3.elf -Llib/StdPeriph -Llib/USB_OTG -Llib/USB_Host/Core -Llib/USB_Host/Class/MSC -Llib/fat_fs -Llib/helix -lm -lhelix -lfatfs -lstdperiph -lusbhostcore -lusbhostmsc -lusbcore
arm-none-eabi-objcopy -O ihex build/stm32F4_usb_mp3.elf build/stm32F4_usb_mp3.hex
arm-none-eabi-objcopy -O binary build/stm32F4_usb_mp3.elf build/stm32F4_usb_mp3.bin
arm-none-eabi-size build/stm32F4_usb_mp3.elf
   text	   data	    bss	    dec	    hex	filename
  94284	   2616	  56484	 153384	  25728	build/stm32F4_usb_mp3.elf
